<?xml version="1.0" encoding="UTF-8"?>
<!-- Generated by org.testng.reporters.JUnitReportReporter -->
<testsuite skipped="0" hostname="DESKTOP-OOVGCP5" name="com.nopcommerce.testCases.TC_LoginTest_001" tests="1" failures="0" timestamp="2020-05-26T23:40:16 IST" time="49.872" errors="0">
  <testcase name="loginTest" time="49.872" classname="com.nopcommerce.testCases.TC_LoginTest_001"/>
  <system-out/>
</testsuite> <!-- com.nopcommerce.testCases.TC_LoginTest_001 -->
