<?xml version="1.0" encoding="UTF-8"?>
<!-- Generated by org.testng.reporters.JUnitReportReporter -->
<testsuite skipped="0" hostname="DESKTOP-OOVGCP5" name="com.nopcommerce.testCases.TC_AddCustomerTest_003" tests="1" failures="0" timestamp="2020-05-26T23:40:16 IST" time="43.210" errors="0">
  <testcase name="addNewCustomer" time="43.210" classname="com.nopcommerce.testCases.TC_AddCustomerTest_003"/>
  <system-out/>
</testsuite> <!-- com.nopcommerce.testCases.TC_AddCustomerTest_003 -->
